<?xml version="1.0" encoding="UTF-8"?>
<!-- Generated by org.testng.reporters.JUnitReportReporter -->
<testsuite hostname="LAPTOP-0J0NLMP2" failures="0" tests="1" name="com.PWC.rmgyantra.scripts.AddSingleProjectwithdblib" time="6.195" errors="0" timestamp="2021-07-21T19:27:17 IST" skipped="0">
  <testcase classname="com.PWC.rmgyantra.scripts.AddSingleProjectwithdblib" name="goingStatus" time="6.195"/>
  <system-out/>
</testsuite> <!-- com.PWC.rmgyantra.scripts.AddSingleProjectwithdblib -->
