<?xml version="1.0" encoding="UTF-8"?>
<!-- Generated by org.testng.reporters.JUnitReportReporter -->
<testsuite hostname="LAPTOP-0J0NLMP2" failures="0" tests="1" name="com.PWC.rmgyantra.scripts.AddSingleProjectWithOnGoingstatus" time="2.984" errors="0" timestamp="2021-07-20T23:13:45 IST" skipped="0">
  <testcase classname="com.PWC.rmgyantra.scripts.AddSingleProjectWithOnGoingstatus" name="goingStatus" time="2.984"/>
  <system-out/>
</testsuite> <!-- com.PWC.rmgyantra.scripts.AddSingleProjectWithOnGoingstatus -->
