<?xml version="1.0" encoding="UTF-8"?>
<!-- Generated by org.testng.reporters.JUnitReportReporter -->
<testsuite hostname="LAPTOP-0J0NLMP2" failures="0" tests="1" name="com.PWC.rmgyantra.scripts.AddProjectwithCompletedStatus" time="4.221" errors="0" timestamp="2021-07-21T19:49:04 IST" skipped="0">
  <testcase classname="com.PWC.rmgyantra.scripts.AddProjectwithCompletedStatus" name="Completedstatus" time="4.221"/>
  <system-out/>
</testsuite> <!-- com.PWC.rmgyantra.scripts.AddProjectwithCompletedStatus -->
